* using log directory ‘/home/jake/Desktop/SmithlabResearch/preseqR/preseqR.Rcheck’
* using R version 2.14.1 (2011-12-22)
* using platform: x86_64-pc-linux-gnu (64-bit)
* using session charset: UTF-8
* checking for file ‘preseqR/DESCRIPTION’ ... OK
* checking extension type ... Package
* this is package ‘preseqR’ version ‘1.0’
* checking package namespace information ... OK
* checking package dependencies ... OK
* checking if this is a source package ... OK
* checking if there is a namespace ... OK
* checking for executable files ... OK
* checking whether package ‘preseqR’ can be installed ... OK
* checking installed package size ... OK
* checking package directory ... OK
* checking for portable file names ... OK
* checking for sufficient/correct file permissions ... OK
* checking DESCRIPTION meta-information ... OK
* checking top-level files ... OK
* checking index information ... OK
* checking package subdirectories ... OK
* checking R files for non-ASCII characters ... OK
* checking R files for syntax errors ... OK
* checking whether the package can be loaded ... OK
* checking whether the package can be loaded with stated dependencies ... OK
* checking whether the package can be unloaded cleanly ... OK
* checking whether the namespace can be loaded with stated dependencies ... OK
* checking whether the namespace can be unloaded cleanly ... OK
* checking for unstated dependencies in R code ... OK
* checking S3 generic/method consistency ... OK
* checking replacement functions ... OK
* checking foreign function calls ... OK
* checking R code for possible problems ... OK
* checking Rd files ... NOTE
prepare_Rd: bootstrap.complex.curve.Rd:44-46: Dropping empty section \details
prepare_Rd: bootstrap.complex.curve.Rd:59-61: Dropping empty section \note
prepare_Rd: bootstrap.complex.curve.Rd:65-67: Dropping empty section \seealso
prepare_Rd: preseqR.continued.fraction.estimate.Rd:42-44: Dropping empty section \details
prepare_Rd: preseqR.continued.fraction.estimate.Rd:60-62: Dropping empty section \note
prepare_Rd: preseqR.continued.fraction.estimate.Rd:66-68: Dropping empty section \seealso
* checking Rd metadata ... OK
* checking Rd cross-references ... OK
* checking for missing documentation entries ... OK
* checking for code/documentation mismatches ... OK
* checking Rd \usage sections ... OK
* checking Rd contents ... OK
* checking for unstated dependencies in examples ... OK
* checking line endings in C/C++/Fortran sources/headers ... OK
* checking line endings in Makefiles ... OK
* checking for portable use of $(BLAS_LIBS) and $(LAPACK_LIBS) ... OK
* checking compiled code ... NOTE
File ‘/home/jake/Desktop/SmithlabResearch/preseqR/preseqR.Rcheck/preseqR/libs/preseqR.so’:
  Found ‘_ZSt4cerr’, possibly from ‘std::cerr’ (C++)
  Found ‘__assert_fail’, possibly from ‘assert’ (C)

Compiled code should not call functions which might terminate R nor
write to stdout/stderr instead of to the console.  The detected symbols
are linked into the code but might come from libraries and not actually
be called.

See ‘Writing portable packages’ in the ‘Writing R Extensions’ manual.
* checking examples ... OK
* checking PDF version of manual ... WARNING
LaTeX errors when creating PDF version.
This typically indicates Rd problems.
* checking PDF version of manual without hyperrefs or index ... OK
WARNING: There was 1 warning, see
  ‘/home/jake/Desktop/SmithlabResearch/preseqR/preseqR.Rcheck/00check.log’
for details
